2026-01-10 13:25:59,620 - ERROR - __main__ - Fatal error while running the bot: no running event loop
Traceback (most recent call last):
  File "/home/container/bot.py", line 1428, in main
    app.run_polling()
  File "/home/container/.local/lib/python3.11/site-packages/telegram/ext/_application.py", line 839, in run_polling
    return self.__run(
           ^^^^^^^^^^^
  File "/home/container/.local/lib/python3.11/site-packages/telegram/ext/_application.py", line 1056, in __run
    loop.run_until_complete(self.post_init(self))
                            ^^^^^^^^^^^^^^^^^^^^
  File "/home/container/bot.py", line 1391, in <lambda>
    app.post_init = lambda _: asyncio.create_task(pm.start_background_tasks(app))
                              ^^^^^^^^^^^^^^^^^^^^^^^^^^^^^^^^^^^^^^^^^^^^^^^^^^^
  File "/usr/local/lib/python3.11/asyncio/tasks.py", line 381, in create_task
    loop = events.get_running_loop()
           ^^^^^^^^^^^^^^^^^^^^^^^^^
RuntimeError: no running event loop

===== Fatal run_polling exception: 2026-01-10T12:25:59.621537 =====
Traceback (most recent call last):
  File "/home/container/bot.py", line 1428, in main
    app.run_polling()
  File "/home/container/.local/lib/python3.11/site-packages/telegram/ext/_application.py", line 839, in run_polling
    return self.__run(
           ^^^^^^^^^^^
  File "/home/container/.local/lib/python3.11/site-packages/telegram/ext/_application.py", line 1056, in __run
    loop.run_until_complete(self.post_init(self))
                            ^^^^^^^^^^^^^^^^^^^^
  File "/home/container/bot.py", line 1391, in <lambda>
    app.post_init = lambda _: asyncio.create_task(pm.start_background_tasks(app))
                              ^^^^^^^^^^^^^^^^^^^^^^^^^^^^^^^^^^^^^^^^^^^^^^^^^^^
  File "/usr/local/lib/python3.11/asyncio/tasks.py", line 381, in create_task
    loop = events.get_running_loop()
           ^^^^^^^^^^^^^^^^^^^^^^^^^
RuntimeError: no running event loop
2026-01-10 13:26:18,716 - ERROR - __main__ - Fatal error while running the bot: no running event loop
Traceback (most recent call last):
  File "/home/container/bot.py", line 1428, in main
    app.run_polling()
  File "/home/container/.local/lib/python3.11/site-packages/telegram/ext/_application.py", line 839, in run_polling
    return self.__run(
           ^^^^^^^^^^^
  File "/home/container/.local/lib/python3.11/site-packages/telegram/ext/_application.py", line 1056, in __run
    loop.run_until_complete(self.post_init(self))
                            ^^^^^^^^^^^^^^^^^^^^
  File "/home/container/bot.py", line 1391, in <lambda>
    app.post_init = lambda _: asyncio.create_task(pm.start_background_tasks(app))
                              ^^^^^^^^^^^^^^^^^^^^^^^^^^^^^^^^^^^^^^^^^^^^^^^^^^^
  File "/usr/local/lib/python3.11/asyncio/tasks.py", line 381, in create_task
    loop = events.get_running_loop()
           ^^^^^^^^^^^^^^^^^^^^^^^^^
RuntimeError: no running event loop

===== Fatal run_polling exception: 2026-01-10T12:26:18.718080 =====
Traceback (most recent call last):
  File "/home/container/bot.py", line 1428, in main
    app.run_polling()
  File "/home/container/.local/lib/python3.11/site-packages/telegram/ext/_application.py", line 839, in run_polling
    return self.__run(
           ^^^^^^^^^^^
  File "/home/container/.local/lib/python3.11/site-packages/telegram/ext/_application.py", line 1056, in __run
    loop.run_until_complete(self.post_init(self))
                            ^^^^^^^^^^^^^^^^^^^^
  File "/home/container/bot.py", line 1391, in <lambda>
    app.post_init = lambda _: asyncio.create_task(pm.start_background_tasks(app))
                              ^^^^^^^^^^^^^^^^^^^^^^^^^^^^^^^^^^^^^^^^^^^^^^^^^^^
  File "/usr/local/lib/python3.11/asyncio/tasks.py", line 381, in create_task
    loop = events.get_running_loop()
           ^^^^^^^^^^^^^^^^^^^^^^^^^
RuntimeError: no running event loop
